\BOOKMARK [1][-]{section.1}{\376\377\000I\000n\000t\000r\000o\000d\000u\000c\000t\000i\000o\000n}{}% 1
\BOOKMARK [2][-]{subsection.1.1}{\376\377\000B\000a\000c\000k\000g\000r\000o\000u\000n\000d\000\040\000a\000n\000d\000\040\000M\000o\000t\000i\000v\000a\000t\000i\000o\000n}{section.1}% 2
\BOOKMARK [2][-]{subsection.1.2}{\376\377\000P\000r\000o\000j\000e\000c\000t\000\040\000G\000o\000a\000l\000s}{section.1}% 3
\BOOKMARK [2][-]{subsection.1.3}{\376\377\000P\000r\000o\000b\000l\000e\000m\000\040\000S\000t\000a\000t\000e\000m\000e\000n\000t}{section.1}% 4
\BOOKMARK [1][-]{section.2}{\376\377\000S\000y\000s\000t\000e\000m\000\040\000A\000r\000c\000h\000i\000t\000e\000c\000t\000u\000r\000e}{}% 5
\BOOKMARK [2][-]{subsection.2.1}{\376\377\000O\000v\000e\000r\000a\000l\000l\000\040\000A\000r\000c\000h\000i\000t\000e\000c\000t\000u\000r\000e}{section.2}% 6
\BOOKMARK [2][-]{subsection.2.2}{\376\377\000A\000W\000S\000\040\000S\000e\000r\000v\000i\000c\000e\000s\000\040\000U\000s\000e\000d}{section.2}% 7
\BOOKMARK [3][-]{subsubsection.2.2.1}{\376\377\000A\000W\000S\000\040\000L\000a\000m\000b\000d\000a\000\040\000\050\0003\000\040\000F\000u\000n\000c\000t\000i\000o\000n\000s\000\051}{subsection.2.2}% 8
\BOOKMARK [3][-]{subsubsection.2.2.2}{\376\377\000A\000m\000a\000z\000o\000n\000\040\000S\0003}{subsection.2.2}% 9
\BOOKMARK [3][-]{subsubsection.2.2.3}{\376\377\000A\000m\000a\000z\000o\000n\000\040\000D\000y\000n\000a\000m\000o\000D\000B}{subsection.2.2}% 10
\BOOKMARK [3][-]{subsubsection.2.2.4}{\376\377\000A\000m\000a\000z\000o\000n\000\040\000A\000P\000I\000\040\000G\000a\000t\000e\000w\000a\000y}{subsection.2.2}% 11
\BOOKMARK [3][-]{subsubsection.2.2.5}{\376\377\000A\000m\000a\000z\000o\000n\000\040\000C\000l\000o\000u\000d\000F\000r\000o\000n\000t}{subsection.2.2}% 12
\BOOKMARK [3][-]{subsubsection.2.2.6}{\376\377\000A\000W\000S\000\040\000S\000A\000M}{subsection.2.2}% 13
\BOOKMARK [2][-]{subsection.2.3}{\376\377\000F\000r\000o\000n\000t\000e\000n\000d\000\040\000A\000r\000c\000h\000i\000t\000e\000c\000t\000u\000r\000e}{section.2}% 14
\BOOKMARK [1][-]{section.3}{\376\377\000M\000e\000t\000h\000o\000d\000o\000l\000o\000g\000y}{}% 15
\BOOKMARK [2][-]{subsection.3.1}{\376\377\000R\000e\000s\000u\000m\000e\000\040\000P\000a\000r\000s\000i\000n\000g\000\040\000A\000l\000g\000o\000r\000i\000t\000h\000m}{section.3}% 16
\BOOKMARK [3][-]{subsubsection.3.1.1}{\376\377\000P\000D\000F\000\040\000T\000e\000x\000t\000\040\000E\000x\000t\000r\000a\000c\000t\000i\000o\000n}{subsection.3.1}% 17
\BOOKMARK [3][-]{subsubsection.3.1.2}{\376\377\000S\000k\000i\000l\000l\000\040\000E\000x\000t\000r\000a\000c\000t\000i\000o\000n}{subsection.3.1}% 18
\BOOKMARK [3][-]{subsubsection.3.1.3}{\376\377\000E\000d\000u\000c\000a\000t\000i\000o\000n\000\040\000\046\000\040\000E\000x\000p\000e\000r\000i\000e\000n\000c\000e\000\040\000P\000a\000r\000s\000i\000n\000g}{subsection.3.1}% 19
\BOOKMARK [2][-]{subsection.3.2}{\376\377\000A\000T\000S\000\040\000S\000c\000o\000r\000i\000n\000g\000\040\000A\000l\000g\000o\000r\000i\000t\000h\000m}{section.3}% 20
\BOOKMARK [2][-]{subsection.3.3}{\376\377\000J\000o\000b\000\040\000M\000a\000t\000c\000h\000i\000n\000g\000\040\000A\000l\000g\000o\000r\000i\000t\000h\000m}{section.3}% 21
\BOOKMARK [3][-]{subsubsection.3.3.1}{\376\377\000T\000F\000-\000I\000D\000F\000\040\000S\000i\000m\000i\000l\000a\000r\000i\000t\000y\000\040\000C\000a\000l\000c\000u\000l\000a\000t\000i\000o\000n}{subsection.3.3}% 22
\BOOKMARK [3][-]{subsubsection.3.3.2}{\376\377\000P\000a\000t\000t\000e\000r\000n\000-\000B\000a\000s\000e\000d\000\040\000S\000k\000i\000l\000l\000\040\000F\000i\000l\000t\000e\000r\000i\000n\000g}{subsection.3.3}% 23
\BOOKMARK [3][-]{subsubsection.3.3.3}{\376\377\000T\000e\000c\000h\000n\000i\000c\000a\000l\000\040\000K\000e\000y\000w\000o\000r\000d\000\040\000D\000e\000t\000e\000c\000t\000i\000o\000n}{subsection.3.3}% 24
\BOOKMARK [2][-]{subsection.3.4}{\376\377\000C\000o\000v\000e\000r\000\040\000L\000e\000t\000t\000e\000r\000\040\000G\000e\000n\000e\000r\000a\000t\000i\000o\000n}{section.3}% 25
\BOOKMARK [1][-]{section.4}{\376\377\000I\000m\000p\000l\000e\000m\000e\000n\000t\000a\000t\000i\000o\000n\000\040\000D\000e\000t\000a\000i\000l\000s}{}% 26
\BOOKMARK [2][-]{subsection.4.1}{\376\377\000B\000a\000c\000k\000e\000n\000d\000\040\000I\000m\000p\000l\000e\000m\000e\000n\000t\000a\000t\000i\000o\000n}{section.4}% 27
\BOOKMARK [3][-]{subsubsection.4.1.1}{\376\377\000A\000P\000I\000\040\000E\000n\000d\000p\000o\000i\000n\000t\000s}{subsection.4.1}% 28
\BOOKMARK [2][-]{subsection.4.2}{\376\377\000F\000r\000o\000n\000t\000e\000n\000d\000\040\000I\000m\000p\000l\000e\000m\000e\000n\000t\000a\000t\000i\000o\000n}{section.4}% 29
\BOOKMARK [2][-]{subsection.4.3}{\376\377\000D\000e\000p\000l\000o\000y\000m\000e\000n\000t\000\040\000P\000r\000o\000c\000e\000s\000s}{section.4}% 30
\BOOKMARK [3][-]{subsubsection.4.3.1}{\376\377\000B\000a\000c\000k\000e\000n\000d\000\040\000D\000e\000p\000l\000o\000y\000m\000e\000n\000t}{subsection.4.3}% 31
\BOOKMARK [3][-]{subsubsection.4.3.2}{\376\377\000F\000r\000o\000n\000t\000e\000n\000d\000\040\000D\000e\000p\000l\000o\000y\000m\000e\000n\000t}{subsection.4.3}% 32
\BOOKMARK [1][-]{section.5}{\376\377\000K\000e\000y\000\040\000F\000e\000a\000t\000u\000r\000e\000s\000\040\000\046\000\040\000I\000n\000n\000o\000v\000a\000t\000i\000o\000n\000s}{}% 33
\BOOKMARK [2][-]{subsection.5.1}{\376\377\000D\000o\000m\000a\000i\000n\000-\000A\000w\000a\000r\000e\000\040\000S\000k\000i\000l\000l\000\040\000D\000e\000t\000e\000c\000t\000i\000o\000n}{section.5}% 34
\BOOKMARK [3][-]{subsubsection.5.1.1}{\376\377\000D\000o\000m\000a\000i\000n\000\040\000D\000e\000t\000e\000c\000t\000i\000o\000n\000\040\000A\000l\000g\000o\000r\000i\000t\000h\000m}{subsection.5.1}% 35
\BOOKMARK [3][-]{subsubsection.5.1.2}{\376\377\000I\000m\000p\000a\000c\000t\000\040\000o\000n\000\040\000A\000c\000c\000u\000r\000a\000c\000y}{subsection.5.1}% 36
\BOOKMARK [2][-]{subsection.5.2}{\376\377\000P\000a\000t\000t\000e\000r\000n\000-\000B\000a\000s\000e\000d\000\040\000N\000L\000P\000\040\000w\000i\000t\000h\000\040\000T\000h\000r\000e\000e\000-\000L\000a\000y\000e\000r\000\040\000F\000i\000l\000t\000e\000r\000i\000n\000g}{section.5}% 37
\BOOKMARK [3][-]{subsubsection.5.2.1}{\376\377\000R\000e\000s\000u\000l\000t\000s}{subsection.5.2}% 38
\BOOKMARK [2][-]{subsection.5.3}{\376\377\000F\000i\000x\000e\000d\000\040\000W\000e\000i\000g\000h\000t\000e\000d\000\040\000S\000c\000o\000r\000i\000n\000g\000\040\000A\000l\000g\000o\000r\000i\000t\000h\000m}{section.5}% 39
\BOOKMARK [3][-]{subsubsection.5.3.1}{\376\377\000T\000h\000e\000\040\000B\000u\000g}{subsection.5.3}% 40
\BOOKMARK [3][-]{subsubsection.5.3.2}{\376\377\000T\000h\000e\000\040\000F\000i\000x}{subsection.5.3}% 41
\BOOKMARK [3][-]{subsubsection.5.3.3}{\376\377\000I\000m\000p\000a\000c\000t}{subsection.5.3}% 42
\BOOKMARK [2][-]{subsection.5.4}{\376\377\000M\000u\000l\000t\000i\000-\000J\000o\000b\000\040\000C\000o\000m\000p\000a\000r\000i\000s\000o\000n}{section.5}% 43
\BOOKMARK [2][-]{subsection.5.5}{\376\377\000S\000e\000c\000u\000r\000e\000\040\000C\000l\000o\000u\000d\000F\000r\000o\000n\000t\000\040\000D\000i\000s\000t\000r\000i\000b\000u\000t\000i\000o\000n}{section.5}% 44
\BOOKMARK [2][-]{subsection.5.6}{\376\377\000A\000I\000-\000P\000o\000w\000e\000r\000e\000d\000\040\000C\000o\000v\000e\000r\000\040\000L\000e\000t\000t\000e\000r\000\040\000G\000e\000n\000e\000r\000a\000t\000i\000o\000n}{section.5}% 45
\BOOKMARK [2][-]{subsection.5.7}{\376\377\000P\000e\000r\000s\000o\000n\000a\000l\000i\000z\000e\000d\000\040\000L\000e\000a\000r\000n\000i\000n\000g\000\040\000P\000a\000t\000h}{section.5}% 46
\BOOKMARK [2][-]{subsection.5.8}{\376\377\000E\000x\000p\000o\000r\000t\000\040\000a\000n\000d\000\040\000S\000h\000a\000r\000i\000n\000g\000\040\000C\000a\000p\000a\000b\000i\000l\000i\000t\000i\000e\000s}{section.5}% 47
\BOOKMARK [2][-]{subsection.5.9}{\376\377\000E\000n\000h\000a\000n\000c\000e\000d\000\040\000U\000I\000/\000U\000X\000\040\000D\000e\000s\000i\000g\000n}{section.5}% 48
\BOOKMARK [3][-]{subsubsection.5.9.1}{\376\377\000S\000k\000i\000l\000l\000s\000\040\000C\000o\000v\000e\000r\000a\000g\000e\000\040\000C\000h\000a\000r\000t\000\040\000C\000l\000a\000r\000i\000t\000y}{subsection.5.9}% 49
\BOOKMARK [3][-]{subsubsection.5.9.2}{\376\377\000B\000a\000t\000c\000h\000\040\000C\000o\000m\000p\000a\000r\000i\000s\000o\000n\000\040\000S\000i\000m\000p\000l\000i\000f\000i\000c\000a\000t\000i\000o\000n}{subsection.5.9}% 50
\BOOKMARK [1][-]{section.6}{\376\377\000T\000e\000s\000t\000i\000n\000g\000\040\000\046\000\040\000V\000a\000l\000i\000d\000a\000t\000i\000o\000n}{}% 51
\BOOKMARK [2][-]{subsection.6.1}{\376\377\000T\000e\000s\000t\000\040\000C\000a\000s\000e\000s}{section.6}% 52
\BOOKMARK [2][-]{subsection.6.2}{\376\377\000V\000a\000l\000i\000d\000a\000t\000i\000o\000n\000\040\000R\000e\000s\000u\000l\000t\000s}{section.6}% 53
\BOOKMARK [1][-]{section.7}{\376\377\000R\000e\000s\000u\000l\000t\000s\000\040\000\046\000\040\000O\000u\000t\000c\000o\000m\000e\000s}{}% 54
\BOOKMARK [2][-]{subsection.7.1}{\376\377\000S\000y\000s\000t\000e\000m\000\040\000P\000e\000r\000f\000o\000r\000m\000a\000n\000c\000e}{section.7}% 55
\BOOKMARK [2][-]{subsection.7.2}{\376\377\000U\000s\000e\000r\000\040\000E\000x\000p\000e\000r\000i\000e\000n\000c\000e}{section.7}% 56
\BOOKMARK [2][-]{subsection.7.3}{\376\377\000T\000e\000c\000h\000n\000i\000c\000a\000l\000\040\000A\000c\000h\000i\000e\000v\000e\000m\000e\000n\000t\000s}{section.7}% 57
\BOOKMARK [1][-]{section.8}{\376\377\000P\000r\000o\000j\000e\000c\000t\000\040\000M\000a\000n\000a\000g\000e\000m\000e\000n\000t}{}% 58
\BOOKMARK [2][-]{subsection.8.1}{\376\377\000T\000e\000a\000m\000\040\000C\000o\000n\000t\000r\000i\000b\000u\000t\000i\000o\000n\000s}{section.8}% 59
\BOOKMARK [2][-]{subsection.8.2}{\376\377\000T\000i\000m\000e\000l\000i\000n\000e}{section.8}% 60
\BOOKMARK [2][-]{subsection.8.3}{\376\377\000T\000o\000o\000l\000s\000\040\000\046\000\040\000T\000e\000c\000h\000n\000o\000l\000o\000g\000i\000e\000s}{section.8}% 61
\BOOKMARK [1][-]{section.9}{\376\377\000C\000h\000a\000l\000l\000e\000n\000g\000e\000s\000\040\000\046\000\040\000L\000e\000s\000s\000o\000n\000s\000\040\000L\000e\000a\000r\000n\000e\000d}{}% 62
\BOOKMARK [2][-]{subsection.9.1}{\376\377\000T\000e\000c\000h\000n\000i\000c\000a\000l\000\040\000C\000h\000a\000l\000l\000e\000n\000g\000e\000s}{section.9}% 63
\BOOKMARK [3][-]{subsubsection.9.1.1}{\376\377\000C\000r\000i\000t\000i\000c\000a\000l\000\040\000S\000c\000o\000r\000i\000n\000g\000\040\000B\000u\000g\000\040\000\050\000D\000a\000y\000s\000\040\0001\0005\000-\0001\0006\000\051}{subsection.9.1}% 64
\BOOKMARK [3][-]{subsubsection.9.1.2}{\376\377\000M\000u\000l\000t\000i\000-\000L\000a\000y\000e\000r\000\040\000C\000a\000c\000h\000e\000\040\000I\000n\000v\000a\000l\000i\000d\000a\000t\000i\000o\000n\000\040\000\050\000D\000a\000y\000s\000\040\0001\0006\000-\0001\0007\000\051}{subsection.9.1}% 65
\BOOKMARK [3][-]{subsubsection.9.1.3}{\376\377\000D\000o\000m\000a\000i\000n\000\040\000B\000i\000a\000s\000\040\000i\000n\000\040\000S\000k\000i\000l\000l\000\040\000M\000a\000t\000c\000h\000i\000n\000g\000\040\000\050\000D\000a\000y\000s\000\040\0001\0000\000-\0001\0002\000\051}{subsection.9.1}% 66
\BOOKMARK [3][-]{subsubsection.9.1.4}{\376\377\000S\000o\000f\000t\000\040\000S\000k\000i\000l\000l\000\040\000N\000o\000i\000s\000e\000\040\000\050\000D\000a\000y\000s\000\040\0001\0003\000-\0001\0004\000\051}{subsection.9.1}% 67
\BOOKMARK [3][-]{subsubsection.9.1.5}{\376\377\000A\000W\000S\000\040\000L\000a\000m\000b\000d\000a\000\040\0002\0005\0000\000M\000B\000\040\000D\000e\000p\000l\000o\000y\000m\000e\000n\000t\000\040\000L\000i\000m\000i\000t\000\040\000\050\000D\000a\000y\000s\000\040\0007\000-\0008\000\051}{subsection.9.1}% 68
\BOOKMARK [2][-]{subsection.9.2}{\376\377\000D\000e\000s\000i\000g\000n\000\040\000D\000e\000c\000i\000s\000i\000o\000n\000s}{section.9}% 69
\BOOKMARK [2][-]{subsection.9.3}{\376\377\000S\000y\000s\000t\000e\000m\000\040\000L\000i\000m\000i\000t\000a\000t\000i\000o\000n\000s}{section.9}% 70
\BOOKMARK [3][-]{subsubsection.9.3.1}{\376\377\000D\000o\000m\000a\000i\000n\000\040\000C\000o\000v\000e\000r\000a\000g\000e}{subsection.9.3}% 71
\BOOKMARK [3][-]{subsubsection.9.3.2}{\376\377\000L\000a\000n\000g\000u\000a\000g\000e\000\040\000S\000u\000p\000p\000o\000r\000t}{subsection.9.3}% 72
\BOOKMARK [3][-]{subsubsection.9.3.3}{\376\377\000P\000a\000t\000t\000e\000r\000n\000-\000B\000a\000s\000e\000d\000\040\000C\000o\000n\000s\000t\000r\000a\000i\000n\000t\000s}{subsection.9.3}% 73
\BOOKMARK [3][-]{subsubsection.9.3.4}{\376\377\000F\000o\000r\000m\000a\000t\000\040\000L\000i\000m\000i\000t\000a\000t\000i\000o\000n\000s}{subsection.9.3}% 74
\BOOKMARK [3][-]{subsubsection.9.3.5}{\376\377\000S\000o\000f\000t\000\040\000S\000k\000i\000l\000l\000s\000\040\000E\000x\000c\000l\000u\000d\000e\000d}{subsection.9.3}% 75
\BOOKMARK [3][-]{subsubsection.9.3.6}{\376\377\000S\000t\000a\000t\000i\000c\000\040\000S\000k\000i\000l\000l\000\040\000W\000e\000i\000g\000h\000t\000s}{subsection.9.3}% 76
\BOOKMARK [3][-]{subsubsection.9.3.7}{\376\377\000G\000e\000o\000g\000r\000a\000p\000h\000i\000c\000\040\000a\000n\000d\000\040\000C\000u\000l\000t\000u\000r\000a\000l\000\040\000B\000i\000a\000s}{subsection.9.3}% 77
\BOOKMARK [3][-]{subsubsection.9.3.8}{\376\377\000C\000e\000r\000t\000i\000f\000i\000c\000a\000t\000i\000o\000n\000\040\000V\000a\000l\000i\000d\000a\000t\000i\000o\000n}{subsection.9.3}% 78
\BOOKMARK [3][-]{subsubsection.9.3.9}{\376\377\000N\000o\000\040\000C\000a\000r\000e\000e\000r\000\040\000P\000r\000o\000g\000r\000e\000s\000s\000i\000o\000n\000\040\000A\000n\000a\000l\000y\000s\000i\000s}{subsection.9.3}% 79
\BOOKMARK [2][-]{subsection.9.4}{\376\377\000F\000u\000t\000u\000r\000e\000\040\000I\000m\000p\000r\000o\000v\000e\000m\000e\000n\000t\000s}{section.9}% 80
\BOOKMARK [3][-]{subsubsection.9.4.1}{\376\377\000D\000o\000m\000a\000i\000n\000\040\000E\000x\000p\000a\000n\000s\000i\000o\000n}{subsection.9.4}% 81
\BOOKMARK [3][-]{subsubsection.9.4.2}{\376\377\000A\000d\000v\000a\000n\000c\000e\000d\000\040\000N\000L\000P\000\040\000w\000i\000t\000h\000\040\000M\000L}{subsection.9.4}% 82
\BOOKMARK [3][-]{subsubsection.9.4.3}{\376\377\000M\000u\000l\000t\000i\000-\000L\000a\000n\000g\000u\000a\000g\000e\000\040\000S\000u\000p\000p\000o\000r\000t}{subsection.9.4}% 83
\BOOKMARK [3][-]{subsubsection.9.4.4}{\376\377\000R\000e\000a\000l\000-\000T\000i\000m\000e\000\040\000M\000a\000r\000k\000e\000t\000\040\000I\000n\000t\000e\000l\000l\000i\000g\000e\000n\000c\000e}{subsection.9.4}% 84
\BOOKMARK [3][-]{subsubsection.9.4.5}{\376\377\000A\000d\000v\000a\000n\000c\000e\000d\000\040\000P\000a\000r\000s\000i\000n\000g}{subsection.9.4}% 85
\BOOKMARK [3][-]{subsubsection.9.4.6}{\376\377\000S\000o\000f\000t\000\040\000S\000k\000i\000l\000l\000s\000\040\000A\000s\000s\000e\000s\000s\000m\000e\000n\000t}{subsection.9.4}% 86
\BOOKMARK [3][-]{subsubsection.9.4.7}{\376\377\000C\000e\000r\000t\000i\000f\000i\000c\000a\000t\000i\000o\000n\000\040\000a\000n\000d\000\040\000C\000r\000e\000d\000e\000n\000t\000i\000a\000l\000\040\000V\000e\000r\000i\000f\000i\000c\000a\000t\000i\000o\000n}{subsection.9.4}% 87
\BOOKMARK [3][-]{subsubsection.9.4.8}{\376\377\000C\000a\000r\000e\000e\000r\000\040\000I\000n\000t\000e\000l\000l\000i\000g\000e\000n\000c\000e}{subsection.9.4}% 88
\BOOKMARK [3][-]{subsubsection.9.4.9}{\376\377\000E\000n\000h\000a\000n\000c\000e\000d\000\040\000U\000s\000e\000r\000\040\000E\000x\000p\000e\000r\000i\000e\000n\000c\000e}{subsection.9.4}% 89
\BOOKMARK [1][-]{section.10}{\376\377\000C\000o\000n\000c\000l\000u\000s\000i\000o\000n}{}% 90
\BOOKMARK [2][-]{subsection.10.1}{\376\377\000K\000e\000y\000\040\000A\000c\000h\000i\000e\000v\000e\000m\000e\000n\000t\000s}{section.10}% 91
\BOOKMARK [2][-]{subsection.10.2}{\376\377\000L\000e\000a\000r\000n\000i\000n\000g\000\040\000O\000u\000t\000c\000o\000m\000e\000s}{section.10}% 92
\BOOKMARK [2][-]{subsection.10.3}{\376\377\000R\000e\000a\000l\000-\000W\000o\000r\000l\000d\000\040\000I\000m\000p\000a\000c\000t}{section.10}% 93
\BOOKMARK [2][-]{subsection.10.4}{\376\377\000T\000e\000c\000h\000n\000i\000c\000a\000l\000\040\000I\000n\000n\000o\000v\000a\000t\000i\000o\000n}{section.10}% 94
\BOOKMARK [2][-]{subsection.10.5}{\376\377\000L\000e\000s\000s\000o\000n\000s\000\040\000i\000n\000\040\000S\000o\000f\000t\000w\000a\000r\000e\000\040\000E\000n\000g\000i\000n\000e\000e\000r\000i\000n\000g}{section.10}% 95
\BOOKMARK [2][-]{subsection.10.6}{\376\377\000F\000u\000t\000u\000r\000e\000\040\000V\000i\000s\000i\000o\000n}{section.10}% 96
\BOOKMARK [1][-]{section*.1}{\376\377\000R\000e\000f\000e\000r\000e\000n\000c\000e\000s}{}% 97
